<?xml version="1.0" encoding="UTF-8"?>
<testsuite xmlns:xsi="http://www.w3.org/2001/XMLSchema-instance" xsi:noNamespaceSchemaLocation="https://maven.apache.org/surefire/maven-surefire-plugin/xsd/surefire-test-report.xsd" version="3.0.2" name="com.cinetrack.watchlist.WatchlistServiceTest" time="2.193" tests="13" errors="0" skipped="0" failures="0">
  <properties>
[...]
</properties>
  <testcase name="findById_returnsEmpty_whenNotFound" classname="com.cinetrack.watchlist.WatchlistServiceTest" time="0.355">
    <system-out><![CDATA[08:01:56.937 [main] INFO org.springframework.test.context.support.AnnotationConfigContextLoaderUtils -- Could not detect default configuration classes for test class [com.cinetrack.watchlist.WatchlistServiceTest]: WatchlistServiceTest does not declare any static, non-private, non-final, nested classes annotated with @Configuration.
08:01:57.011 [main] INFO org.springframework.boot.test.context.SpringBootTestContextBootstrapper -- Found @SpringBootConfiguration com.cinetrack.CineTrackApplication for test class com.cinetrack.watchlist.WatchlistServiceTest

  .   ____          _            __ _ _
 /\\ / ___'_ __ _ _(_)_ __  __ _ \ \ \ \
( ( )\___ | '_ | '_| | '_ \/ _` | \ \ \ \
 \\/  ___)| |_)| | | | | || (_| |  ) ) ) )
  '  |____| .__|_| |_|_| |_\__, | / / / /
 =========|_|==============|___/=/_/_/_/

 :: Spring Boot ::                (v3.4.5)

2026-04-27T08:01:57.200-04:00  INFO 63153 --- [cinetrack] [           main] c.c.watchlist.WatchlistServiceTest       : Starting WatchlistServiceTest using Java 21.0.5 with PID 63153 (started by umurinan in /Users/umurinan/Documents/books/ai-development/code/cinetrack/chapter-09)
2026-04-27T08:01:57.201-04:00  INFO 63153 --- [cinetrack] [           main] c.c.watchlist.WatchlistServiceTest       : No active profile set, falling back to 1 default profile: "default"
2026-04-27T08:01:57.357-04:00  INFO 63153 --- [cinetrack] [           main] .s.d.r.c.RepositoryConfigurationDelegate : Bootstrapping Spring Data JPA repositories in DEFAULT mode.
2026-04-27T08:01:57.389-04:00  INFO 63153 --- [cinetrack] [           main] .s.d.r.c.RepositoryConfigurationDelegate : Finished Spring Data repository scanning in 27 ms. Found 3 JPA repository interfaces.
2026-04-27T08:01:57.419-04:00  INFO 63153 --- [cinetrack] [           main] beddedDataSourceBeanFactoryPostProcessor : Replacing 'dataSource' DataSource bean with embedded version
2026-04-27T08:01:57.461-04:00  INFO 63153 --- [cinetrack] [           main] o.s.j.d.e.EmbeddedDatabaseFactory        : Starting embedded database: url='jdbc:h2:mem:30e19e50-dd9b-4148-92a1-93664ae138cd;DB_CLOSE_DELAY=-1;DB_CLOSE_ON_EXIT=false', username='sa'
2026-04-27T08:01:57.588-04:00  INFO 63153 --- [cinetrack] [           main] o.hibernate.jpa.internal.util.LogHelper  : HHH000204: Processing PersistenceUnitInfo [name: default]
2026-04-27T08:01:57.612-04:00  INFO 63153 --- [cinetrack] [           main] org.hibernate.Version                    : HHH000412: Hibernate ORM core version 6.6.13.Final
2026-04-27T08:01:57.627-04:00  INFO 63153 --- [cinetrack] [           main] o.h.c.internal.RegionFactoryInitiator    : HHH000026: Second-level cache disabled
2026-04-27T08:01:57.758-04:00  INFO 63153 --- [cinetrack] [           main] o.s.o.j.p.SpringPersistenceUnitInfo      : No LoadTimeWeaver setup: ignoring JPA class transformer
2026-04-27T08:01:57.782-04:00  WARN 63153 --- [cinetrack] [           main] org.hibernate.dialect.Dialect            : HHH000511: The 2.3.232 version for [org.hibernate.dialect.PostgreSQLDialect] is no longer supported, hence certain features may not work properly. The minimum supported version is 12.0.0. Check the community dialects project for available legacy versions.
2026-04-27T08:01:57.785-04:00  WARN 63153 --- [cinetrack] [           main] org.hibernate.orm.deprecation            : HHH90000025: PostgreSQLDialect does not need to be specified explicitly using 'hibernate.dialect' (remove the property setting and it will be selected by default)
2026-04-27T08:01:57.794-04:00  INFO 63153 --- [cinetrack] [           main] org.hibernate.orm.connections.pooling    : HHH10001005: Database info:
	Database JDBC URL [Connecting through datasource 'org.springframework.jdbc.datasource.embedded.EmbeddedDatabaseFactory$EmbeddedDataSourceProxy@2b7facc7']
	Database driver: undefined/unknown
	Database version: 2.3.232
	Autocommit mode: undefined/unknown
	Isolation level: undefined/unknown
	Minimum pool size: undefined/unknown
	Maximum pool size: undefined/unknown
2026-04-27T08:01:58.184-04:00  INFO 63153 --- [cinetrack] [           main] o.h.e.t.j.p.i.JtaPlatformInitiator       : HHH000489: No JTA platform available (set 'hibernate.transaction.jta.platform' to enable JTA platform integration)
Hibernate: create table app_users (id bigint generated by default as identity, email varchar(255) not null, password_hash varchar(255) not null, username varchar(255) not null, primary key (id))
Hibernate: create table movies (id bigint generated by default as identity, director varchar(255), title varchar(255) not null, release_year integer, primary key (id))
Hibernate: create table watchlist_movies (watchlist_id bigint not null, movie_id bigint not null)
Hibernate: create table watchlists (id bigint generated by default as identity, name varchar(255) not null, owner_id bigint not null, primary key (id))
Hibernate: alter table if exists app_users drop constraint if exists UK4vj92ux8a2eehds1mdvmks473
Hibernate: alter table if exists app_users add constraint UK4vj92ux8a2eehds1mdvmks473 unique (email)
Hibernate: alter table if exists app_users drop constraint if exists UKspsnwr241e9k9c8p5xl4k45ih
Hibernate: alter table if exists app_users add constraint UKspsnwr241e9k9c8p5xl4k45ih unique (username)
Hibernate: alter table if exists watchlist_movies add constraint FKe0jvexu7lwg2j32vjjo4phdem foreign key (movie_id) references movies
Hibernate: alter table if exists watchlist_movies add constraint FKof53i03ug1dn1do16i1pa9y0x foreign key (watchlist_id) references watchlists
Hibernate: alter table if exists watchlists add constraint FKi1nnhp2f2nwoftwlea4sqdovd foreign key (owner_id) references app_users
2026-04-27T08:01:58.219-04:00  INFO 63153 --- [cinetrack] [           main] j.LocalContainerEntityManagerFactoryBean : Initialized JPA EntityManagerFactory for persistence unit 'default'
2026-04-27T08:01:58.388-04:00  INFO 63153 --- [cinetrack] [           main] c.c.watchlist.WatchlistServiceTest       : Started WatchlistServiceTest in 1.349 seconds (process running for 1.786)
Hibernate: insert into app_users (email,password_hash,username) values (?,?,?)
Hibernate: select w1_0.id,w1_0.name,w1_0.owner_id,o1_0.id,o1_0.email,o1_0.password_hash,o1_0.username from watchlists w1_0 join app_users o1_0 on o1_0.id=w1_0.owner_id where w1_0.id=?
]]></system-out>
    <system-err><![CDATA[Mockito is currently self-attaching to enable the inline-mock-maker. This will no longer work in future releases of the JDK. Please add Mockito as an agent to your build what is described in Mockito's documentation: https://javadoc.io/doc/org.mockito/mockito-core/latest/org/mockito/Mockito.html#0.3
WARNING: A Java agent has been loaded dynamically (/Users/umurinan/.m2/repository/net/bytebuddy/byte-buddy-agent/1.15.11/byte-buddy-agent-1.15.11.jar)
WARNING: If a serviceability tool is in use, please run with -XX:+EnableDynamicAgentLoading to hide this warning
WARNING: If a serviceability tool is not in use, please run with -Djdk.instrument.traceUsage for more information
WARNING: Dynamic loading of agents will be disallowed by default in a future release
]]></system-err>
  </testcase>
  <testcase name="addMovie_returnsEmpty_whenWatchlistNotFound" classname="com.cinetrack.watchlist.WatchlistServiceTest" time="0.005">
    <system-out><![CDATA[Hibernate: insert into app_users (email,password_hash,username) values (?,?,?)
Hibernate: insert into movies (director,title,release_year) values (?,?,?)
Hibernate: select w1_0.id,w1_0.name,w1_0.owner_id,o1_0.id,o1_0.email,o1_0.password_hash,o1_0.username from watchlists w1_0 join app_users o1_0 on o1_0.id=w1_0.owner_id where w1_0.id=?
]]></system-out>
  </testcase>
  <testcase name="create_createsWatchlist_whenOwnerExists" classname="com.cinetrack.watchlist.WatchlistServiceTest" time="0.011">
    <system-out><![CDATA[Hibernate: insert into app_users (email,password_hash,username) values (?,?,?)
Hibernate: insert into watchlists (name,owner_id) values (?,?)
]]></system-out>
  </testcase>
  <testcase name="addMovie_returnsEmpty_whenMovieNotFound" classname="com.cinetrack.watchlist.WatchlistServiceTest" time="0.005">
    <system-out><![CDATA[Hibernate: insert into app_users (email,password_hash,username) values (?,?,?)
Hibernate: insert into watchlists (name,owner_id) values (?,?)
Hibernate: select m1_0.id,m1_0.director,m1_0.title,m1_0.release_year from movies m1_0 where m1_0.id=?
]]></system-out>
  </testcase>
  <testcase name="removeMovie_returnsEmpty_whenWatchlistNotFound" classname="com.cinetrack.watchlist.WatchlistServiceTest" time="0.003">
    <system-out><![CDATA[Hibernate: insert into app_users (email,password_hash,username) values (?,?,?)
Hibernate: select w1_0.id,w1_0.name,w1_0.owner_id,o1_0.id,o1_0.email,o1_0.password_hash,o1_0.username from watchlists w1_0 join app_users o1_0 on o1_0.id=w1_0.owner_id where w1_0.id=?
]]></system-out>
  </testcase>
  <testcase name="create_returnsEmpty_whenOwnerNotFound" classname="com.cinetrack.watchlist.WatchlistServiceTest" time="0.003">
    <system-out><![CDATA[Hibernate: insert into app_users (email,password_hash,username) values (?,?,?)
Hibernate: select au1_0.id,au1_0.email,au1_0.password_hash,au1_0.username from app_users au1_0 where au1_0.id=?
]]></system-out>
  </testcase>
  <testcase name="removeMovie_removesMovie_andReturnsUpdatedWatchlist" classname="com.cinetrack.watchlist.WatchlistServiceTest" time="0.006">
    <system-out><![CDATA[Hibernate: insert into app_users (email,password_hash,username) values (?,?,?)
Hibernate: insert into movies (director,title,release_year) values (?,?,?)
Hibernate: insert into watchlists (name,owner_id) values (?,?)
]]></system-out>
  </testcase>
  <testcase name="list_returnsPaginatedWatchlists" classname="com.cinetrack.watchlist.WatchlistServiceTest" time="0.048">
    <system-out><![CDATA[Hibernate: insert into app_users (email,password_hash,username) values (?,?,?)
Hibernate: insert into watchlists (name,owner_id) values (?,?)
Hibernate: insert into watchlists (name,owner_id) values (?,?)
Hibernate: select w1_0.id,w1_0.name,w1_0.owner_id from watchlists w1_0
]]></system-out>
  </testcase>
  <testcase name="delete_returnsFalse_whenNotFound" classname="com.cinetrack.watchlist.WatchlistServiceTest" time="0.2">
    <system-out><![CDATA[Hibernate: insert into app_users (email,password_hash,username) values (?,?,?)
Hibernate: select count(*) from watchlists w1_0 where w1_0.id=?
]]></system-out>
  </testcase>
  <testcase name="delete_removesWatchlist_andReturnsTrue" classname="com.cinetrack.watchlist.WatchlistServiceTest" time="0.007">
    <system-out><![CDATA[Hibernate: insert into app_users (email,password_hash,username) values (?,?,?)
Hibernate: insert into watchlists (name,owner_id) values (?,?)
Hibernate: select count(*) from watchlists w1_0 where w1_0.id=?
]]></system-out>
  </testcase>
  <testcase name="removeMovie_returnsEmpty_whenMovieNotInWatchlist" classname="com.cinetrack.watchlist.WatchlistServiceTest" time="0.004">
    <system-out><![CDATA[Hibernate: insert into app_users (email,password_hash,username) values (?,?,?)
Hibernate: insert into watchlists (name,owner_id) values (?,?)
Hibernate: insert into movies (director,title,release_year) values (?,?,?)
]]></system-out>
  </testcase>
  <testcase name="addMovie_addsMovieToWatchlist" classname="com.cinetrack.watchlist.WatchlistServiceTest" time="0.004">
    <system-out><![CDATA[Hibernate: insert into app_users (email,password_hash,username) values (?,?,?)
Hibernate: insert into watchlists (name,owner_id) values (?,?)
Hibernate: insert into movies (director,title,release_year) values (?,?,?)
]]></system-out>
  </testcase>
  <testcase name="findById_returnsResponse_whenFound" classname="com.cinetrack.watchlist.WatchlistServiceTest" time="0.004">
    <system-out><![CDATA[Hibernate: insert into app_users (email,password_hash,username) values (?,?,?)
Hibernate: insert into watchlists (name,owner_id) values (?,?)
]]></system-out>
  </testcase>
</testsuite>